2018年07月13日10:36:46
	添加嵌入层，看是否能提高准确率
	嵌入层将每个字节都编码成一个8维向量
	原数据变成8个channel
	每个channel表示原来一个字节的其中一个维度的一个分量
	5类测试集准确率 81.745
	
2018年07月13日22:07:59：
测试4类 O2，O3看成一类：
测试集准确率达到93.74%

2018年07月14日10:13:37：
尝试修改隐层大小，测试4类分类准确率
hiddensize = 500
准确率稍微提高 93.78%

2018年07月14日16:53:57：
尝试修改嵌入层输出向量维数，由 8->4?
准确率提高 94.096%


2018年07月15日22:13:40
Dropout 参数 keep_prob 由 0.5 -> 0.8
准确率 94.39%



2018年07月16日11:18:17：
将 max_pool 改为 avg_pool
准确率提高到95.3178%


2018年07月23日19:10:47：

将 1024 * 4 * 8 的嵌入层输出 reshape 得到 1024 * 32 * 1 的输出 5分类准确率81.46%

